<?xml version="1.0" encoding="UTF-8"?>
<testng-results skipped="0" failed="0" total="1" passed="1">
  <reporter-output>
  </reporter-output>
  <suite name="Default suite" duration-ms="35" started-at="2016-11-15T00:26:24Z" finished-at="2016-11-15T00:26:24Z">
    <groups>
    </groups>
    <test name="Default test" duration-ms="35" started-at="2016-11-15T00:26:24Z" finished-at="2016-11-15T00:26:24Z">
      <class name="rough.Testmet">
        <test-method status="PASS" signature="test()[pri:0, instance:rough.Testmet@57fffcd7]" name="test" duration-ms="14" started-at="2016-11-14T16:26:24Z" finished-at="2016-11-14T16:26:24Z">
          <reporter-output>
          </reporter-output>
        </test-method> <!-- test -->
      </class> <!-- rough.Testmet -->
    </test> <!-- Default test -->
  </suite> <!-- Default suite -->
</testng-results>
